<?xml version="1.0" encoding="UTF-8"?>
<!-- Generated by org.testng.reporters.JUnitXMLReporter -->
<testsuite ignored="0" hostname="home-laptop" failures="0" tests="6" name="Default test" time="10.277" errors="0" timestamp="2023-05-26T17:55:48 IST">
  <testcase classname="com.notesapi.tests.UsersTests" name="createNewUser" time="5.441"/>
  <testcase classname="com.notesapi.tests.UsersTests" name="performLogin" time="1.888"/>
  <testcase classname="com.notesapi.tests.UsersTests" name="retrieveUserInfo" time="0.609"/>
  <testcase classname="com.notesapi.tests.UsersTests" name="editUserInfo" time="0.684"/>
  <testcase classname="com.notesapi.tests.UsersTests" name="editUserPassword" time="0.897"/>
  <testcase classname="com.notesapi.tests.UsersTests" name="performLogout" time="0.649"/>
</testsuite> <!-- Default test -->
