<?xml version="1.0" encoding="UTF-8"?>
<!-- Generated by org.testng.reporters.JUnitXMLReporter -->
<testsuite ignored="0" hostname="home-laptop" failures="1" tests="11" name="Test" time="13.128" errors="0" timestamp="2023-05-27T01:33:47 IST">
  <testcase classname="com.notesapi.tests.UsersTests" name="createNewUser" time="4.985"/>
  <testcase classname="com.notesapi.tests.UsersTests" name="performLogin" time="0.736">
    <failure type="java.lang.AssertionError" message="expected [201] but found [200]">
      <![CDATA[java.lang.AssertionError: expected [201] but found [200]
at com.notesapi.tests.UsersTests.performLogin(UsersTests.java:44)
at java.base/java.util.ArrayList.forEach(ArrayList.java:1511)
... Removed 37 stack frames]]>
    </failure>
  </testcase> <!-- performLogin -->
  <testcase classname="com.notesapi.tests.UsersTests" name="retrieveUserInfo" time="1.564"/>
  <testcase classname="com.notesapi.tests.UsersTests" name="editUserInfo" time="0.663"/>
  <testcase classname="com.notesapi.tests.UsersTests" name="editUserPassword" time="1.024"/>
  <testcase classname="com.notesapi.tests.NotesTests" name="createNewNote" time="0.599"/>
  <testcase classname="com.notesapi.tests.NotesTests" name="retrieveNote" time="0.577"/>
  <testcase classname="com.notesapi.tests.NotesTests" name="retrieveNoteById" time="0.582"/>
  <testcase classname="com.notesapi.tests.NotesTests" name="updateExistingNote" time="0.656"/>
  <testcase classname="com.notesapi.tests.NotesTests" name="updateCompleteStatusOfNote" time="0.635"/>
  <testcase classname="com.notesapi.tests.NotesTests" name="deleteNoteById" time="0.584"/>
</testsuite> <!-- Test -->
