<?xml version="1.0" encoding="UTF-8"?>
<testsuite xmlns:xsi="http://www.w3.org/2001/XMLSchema-instance" xsi:noNamespaceSchemaLocation="https://maven.apache.org/surefire/maven-surefire-plugin/xsd/surefire-test-report-3.0.xsd" version="3.0" name="TestSuite" time="13.49" tests="11" errors="0" skipped="0" failures="0">
  <properties>
[...]
</properties>
  <testcase name="createNewUser" classname="com.notesapi.tests.UsersTests" time="4.811">
    <system-out><![CDATA[Request method:	POST
Request URI:	https://practice.expandtesting.com/notes/api/users/register
Proxy:			<none>
Request params:	<none>
Query params:	<none>
Form params:	<none>
Path params:	<none>
Headers:		Accept=application/json, application/javascript, text/javascript, text/json
				Content-Type=application/json
Cookies:		<none>
Multiparts:		<none>
Body:
{
    "name": "Brent Halvorson",
    "email": "granville.skiles@yahoo.com",
    "password": "8293fl"
}
HTTP/1.1 201 Created
access-control-allow-origin: *
access-control-allow-credentials: true
access-control-allow-methods: GET, POST, PUT, DELETE, PATCH
access-control-allow-headers: Origin, X-Requested-With, Authorization, Content-Type, Accept, X-Auth-Token
content-type: application/json; charset=utf-8
content-encoding: gzip
etag: W/"b2-8W0GGKqQXwbJggt8b5ACZMNCHPA"
set-cookie: express:sess=eyJmbGFzaCI6e319; path=/; httponly
set-cookie: express:sess.sig=VlmTeWF7MxWVNoHpFZhhQrnM1HU; path=/; httponly
date: Fri, 26 May 2023 13:24:30 GMT
connection: keep-alive
keep-alive: timeout=5
transfer-encoding: chunked

{
    "success": true,
    "status": 201,
    "message": "User account created successfully",
    "data": {
        "id": "6470b30d2ef9080211f9ae18",
        "name": "Brent Halvorson",
        "email": "granville.skiles@yahoo.com"
    }
}
]]></system-out>
    <system-err><![CDATA[SLF4J: Failed to load class "org.slf4j.impl.StaticLoggerBinder".
SLF4J: Defaulting to no-operation (NOP) logger implementation
SLF4J: See http://www.slf4j.org/codes.html#StaticLoggerBinder for further details.
]]></system-err>
  </testcase>
  <testcase name="performLogin[org.testng.TestRunner@1be3f8f8](1)" classname="com.notesapi.tests.UsersTests" time="1.875">
    <system-out><![CDATA[Request method:	POST
Request URI:	https://practice.expandtesting.com/notes/api/users/login
Proxy:			<none>
Request params:	<none>
Query params:	<none>
Form params:	<none>
Path params:	<none>
Headers:		Accept=application/json, application/javascript, text/javascript, text/json
				Content-Type=application/json
Cookies:		<none>
Multiparts:		<none>
Body:
{
    "email": "granville.skiles@yahoo.com",
    "password": "8293fl"
}
HTTP/1.1 200 OK
access-control-allow-origin: *
access-control-allow-credentials: true
access-control-allow-methods: GET, POST, PUT, DELETE, PATCH
access-control-allow-headers: Origin, X-Requested-With, Authorization, Content-Type, Accept, X-Auth-Token
content-type: application/json; charset=utf-8
content-encoding: gzip
etag: W/"ec-TZoK8B7gBW/zaz1yYpQcih3pxVw"
set-cookie: express:sess=eyJmbGFzaCI6e319; path=/; httponly
set-cookie: express:sess.sig=VlmTeWF7MxWVNoHpFZhhQrnM1HU; path=/; httponly
date: Fri, 26 May 2023 13:24:31 GMT
connection: keep-alive
keep-alive: timeout=5
transfer-encoding: chunked

{
    "success": true,
    "status": 200,
    "message": "Login successful",
    "data": {
        "id": "6470b30d2ef9080211f9ae18",
        "name": "Brent Halvorson",
        "email": "granville.skiles@yahoo.com",
        "token": "ec8d4e67e69848f081025dc2cbbbac3c505d35c61bd44e0598a568963b033e15"
    }
}
]]></system-out>
  </testcase>
  <testcase name="retrieveUserInfo" classname="com.notesapi.tests.UsersTests" time="0.595">
    <system-out><![CDATA[Request method:	GET
Request URI:	https://practice.expandtesting.com/notes/api/users/profile
Proxy:			<none>
Request params:	<none>
Query params:	<none>
Form params:	<none>
Path params:	<none>
Headers:		Accept=application/json, application/javascript, text/javascript, text/json
				x-auth-token=ec8d4e67e69848f081025dc2cbbbac3c505d35c61bd44e0598a568963b033e15
				Content-Type=application/json
Cookies:		<none>
Multiparts:		<none>
Body:			<none>
{
    "success": true,
    "status": 200,
    "message": "Profile successful",
    "data": {
        "id": "6470b30d2ef9080211f9ae18",
        "name": "Brent Halvorson",
        "email": "granville.skiles@yahoo.com"
    }
}
]]></system-out>
  </testcase>
  <testcase name="editUserInfo" classname="com.notesapi.tests.UsersTests" time="0.646">
    <system-out><![CDATA[Request method:	PATCH
Request URI:	https://practice.expandtesting.com/notes/api/users/profile
Proxy:			<none>
Request params:	<none>
Query params:	<none>
Form params:	<none>
Path params:	<none>
Headers:		Accept=application/json, application/javascript, text/javascript, text/json
				x-auth-token=ec8d4e67e69848f081025dc2cbbbac3c505d35c61bd44e0598a568963b033e15
				Content-Type=application/json
Cookies:		<none>
Multiparts:		<none>
Body:
{
    "name": "Brent Halvorson",
    "phone": "0123456789",
    "company": "home pvt"
}
{
    "success": true,
    "status": 200,
    "message": "Profile updated successful",
    "data": {
        "id": "6470b30d2ef9080211f9ae18",
        "name": "Brent Halvorson",
        "email": "granville.skiles@yahoo.com",
        "phone": "0123456789",
        "company": "home pvt"
    }
}
]]></system-out>
  </testcase>
  <testcase name="editUserPassword" classname="com.notesapi.tests.UsersTests" time="0.88">
    <system-out><![CDATA[Request method:	POST
Request URI:	https://practice.expandtesting.com/notes/api/users/change-password
Proxy:			<none>
Request params:	<none>
Query params:	<none>
Form params:	<none>
Path params:	<none>
Headers:		Accept=application/json, application/javascript, text/javascript, text/json
				x-auth-token=ec8d4e67e69848f081025dc2cbbbac3c505d35c61bd44e0598a568963b033e15
				Content-Type=application/json
Cookies:		<none>
Multiparts:		<none>
Body:
{
    "currentPassword": "8293fl",
    "newPassword": "od1rycz2"
}
HTTP/1.1 200 OK
access-control-allow-origin: *
access-control-allow-credentials: true
access-control-allow-methods: GET, POST, PUT, DELETE, PATCH
access-control-allow-headers: Origin, X-Requested-With, Authorization, Content-Type, Accept, X-Auth-Token
content-type: application/json; charset=utf-8
content-encoding: gzip
etag: W/"4f-ava50LOZV9GrNX1jv2XMGsJdMdg"
set-cookie: express:sess=eyJmbGFzaCI6e319; path=/; httponly
set-cookie: express:sess.sig=VlmTeWF7MxWVNoHpFZhhQrnM1HU; path=/; httponly
date: Fri, 26 May 2023 13:24:34 GMT
connection: keep-alive
keep-alive: timeout=5
transfer-encoding: chunked

{
    "success": true,
    "status": 200,
    "message": "The password was successfully updated"
}
]]></system-out>
  </testcase>
  <testcase name="createNewNote" classname="com.notesapi.tests.NotesTests" time="0.612">
    <system-out><![CDATA[Request method:	POST
Request URI:	https://practice.expandtesting.com/notes/api/notes
Proxy:			<none>
Request params:	<none>
Query params:	<none>
Form params:	<none>
Path params:	<none>
Headers:		Accept=application/json, application/javascript, text/javascript, text/json
				x-auth-token=ec8d4e67e69848f081025dc2cbbbac3c505d35c61bd44e0598a568963b033e15
				Content-Type=application/json
Cookies:		<none>
Multiparts:		<none>
Body:
{
    "title": "Little Hands Clapping",
    "description": "Fable",
    "category": "Home",
    "completed": false
}
HTTP/1.1 200 OK
access-control-allow-origin: *
access-control-allow-credentials: true
access-control-allow-methods: GET, POST, PUT, DELETE, PATCH
access-control-allow-headers: Origin, X-Requested-With, Authorization, Content-Type, Accept, X-Auth-Token
content-type: application/json; charset=utf-8
content-encoding: gzip
etag: W/"13b-cv57WGgt10MuprwmL7Tx2V+YKb0"
set-cookie: express:sess=eyJmbGFzaCI6e319; path=/; httponly
set-cookie: express:sess.sig=VlmTeWF7MxWVNoHpFZhhQrnM1HU; path=/; httponly
date: Fri, 26 May 2023 13:24:34 GMT
connection: keep-alive
keep-alive: timeout=5
transfer-encoding: chunked

{
    "success": true,
    "status": 200,
    "message": "Note successfully created",
    "data": {
        "id": "6470b3122ef9080211f9ae27",
        "title": "Little Hands Clapping",
        "description": "Fable",
        "category": "Home",
        "completed": false,
        "created_at": "2023-05-26T13:24:34.670Z",
        "updated_at": "2023-05-26T13:24:34.670Z",
        "user_id": "6470b30d2ef9080211f9ae18"
    }
}
GENERATED ID - 6470b3122ef9080211f9ae27
]]></system-out>
  </testcase>
  <testcase name="retrieveNote" classname="com.notesapi.tests.NotesTests" time="0.554">
    <system-out><![CDATA[Request method:	GET
Request URI:	https://practice.expandtesting.com/notes/api/notes
Proxy:			<none>
Request params:	<none>
Query params:	<none>
Form params:	<none>
Path params:	<none>
Headers:		Accept=application/json, application/javascript, text/javascript, text/json
				x-auth-token=ec8d4e67e69848f081025dc2cbbbac3c505d35c61bd44e0598a568963b033e15
				Content-Type=application/json
Cookies:		<none>
Multiparts:		<none>
Body:			<none>
{
    "success": true,
    "status": 200,
    "message": "Notes successfully retrieved",
    "data": [
        {
            "id": "6470b3122ef9080211f9ae27",
            "title": "Little Hands Clapping",
            "description": "Fable",
            "category": "Home",
            "completed": false,
            "created_at": "2023-05-26T13:24:34.670Z",
            "updated_at": "2023-05-26T13:24:34.670Z",
            "user_id": "6470b30d2ef9080211f9ae18"
        }
    ]
}
]]></system-out>
  </testcase>
  <testcase name="retrieveNoteById" classname="com.notesapi.tests.NotesTests" time="0.58">
    <system-out><![CDATA[Request method:	GET
Request URI:	https://practice.expandtesting.com/notes/api/notes/6470b3122ef9080211f9ae27
Proxy:			<none>
Request params:	<none>
Query params:	<none>
Form params:	<none>
Path params:	id=6470b3122ef9080211f9ae27
Headers:		Accept=application/json, application/javascript, text/javascript, text/json
				x-auth-token=ec8d4e67e69848f081025dc2cbbbac3c505d35c61bd44e0598a568963b033e15
				Content-Type=application/json
Cookies:		<none>
Multiparts:		<none>
Body:			<none>
{
    "success": true,
    "status": 200,
    "message": "Note successfully retrieved",
    "data": {
        "id": "6470b3122ef9080211f9ae27",
        "title": "Little Hands Clapping",
        "description": "Fable",
        "category": "Home",
        "completed": false,
        "created_at": "2023-05-26T13:24:34.670Z",
        "updated_at": "2023-05-26T13:24:34.670Z",
        "user_id": "6470b30d2ef9080211f9ae18"
    }
}
]]></system-out>
  </testcase>
  <testcase name="updateExistingNote" classname="com.notesapi.tests.NotesTests" time="0.647">
    <system-out><![CDATA[Request method:	PUT
Request URI:	https://practice.expandtesting.com/notes/api/notes/6470b3122ef9080211f9ae27
Proxy:			<none>
Request params:	<none>
Query params:	<none>
Form params:	<none>
Path params:	id=6470b3122ef9080211f9ae27
Headers:		Accept=application/json, application/javascript, text/javascript, text/json
				x-auth-token=ec8d4e67e69848f081025dc2cbbbac3c505d35c61bd44e0598a568963b033e15
				Content-Type=application/json
Cookies:		<none>
Multiparts:		<none>
Body:
{
    "title": "Little Hands Clapping",
    "description": "Fable",
    "category": "Home",
    "completed": false
}
{
    "success": true,
    "status": 200,
    "message": "Note successfully Updated",
    "data": {
        "id": "6470b3122ef9080211f9ae27",
        "title": "Little Hands Clapping",
        "description": "Fable",
        "category": "Home",
        "completed": false,
        "created_at": "2023-05-26T13:24:34.670Z",
        "updated_at": "2023-05-26T13:24:34.670Z",
        "user_id": "6470b30d2ef9080211f9ae18"
    }
}
]]></system-out>
  </testcase>
  <testcase name="updateCompleteStatusOfNote" classname="com.notesapi.tests.NotesTests" time="0.634">
    <system-out><![CDATA[Request method:	PATCH
Request URI:	https://practice.expandtesting.com/notes/api/notes/6470b3122ef9080211f9ae27
Proxy:			<none>
Request params:	<none>
Query params:	<none>
Form params:	<none>
Path params:	id=6470b3122ef9080211f9ae27
Headers:		Accept=application/json, application/javascript, text/javascript, text/json
				x-auth-token=ec8d4e67e69848f081025dc2cbbbac3c505d35c61bd44e0598a568963b033e15
				Content-Type=application/json
Cookies:		<none>
Multiparts:		<none>
Body:
{
    "completed": true
}
{
    "success": true,
    "status": 200,
    "message": "Note successfully Updated",
    "data": {
        "id": "6470b3122ef9080211f9ae27",
        "title": "Little Hands Clapping",
        "description": "Fable",
        "category": "Home",
        "completed": true,
        "created_at": "2023-05-26T13:24:34.670Z",
        "updated_at": "2023-05-26T13:24:37.096Z",
        "user_id": "6470b30d2ef9080211f9ae18"
    }
}
]]></system-out>
  </testcase>
  <testcase name="deleteNoteById" classname="com.notesapi.tests.NotesTests" time="0.607">
    <system-out><![CDATA[Request method:	DELETE
Request URI:	https://practice.expandtesting.com/notes/api/notes/6470b3122ef9080211f9ae27
Proxy:			<none>
Request params:	<none>
Query params:	<none>
Form params:	<none>
Path params:	id=6470b3122ef9080211f9ae27
Headers:		Accept=application/json, application/javascript, text/javascript, text/json
				x-auth-token=ec8d4e67e69848f081025dc2cbbbac3c505d35c61bd44e0598a568963b033e15
				Content-Type=application/json
Cookies:		<none>
Multiparts:		<none>
Body:			<none>
{
    "success": true,
    "status": 200,
    "message": "Note successfully deleted"
}
]]></system-out>
  </testcase>
</testsuite>