<?xml version="1.0" encoding="UTF-8"?>
<testng-results ignored="0" total="11" passed="11" failed="0" skipped="0">
  <reporter-output>
  </reporter-output>
  <suite started-at="2023-05-26T18:54:25 IST" name="Suite" finished-at="2023-05-26T18:54:37 IST" duration-ms="12540">
    <groups>
    </groups>
    <test started-at="2023-05-26T18:54:25 IST" name="Test" finished-at="2023-05-26T18:54:37 IST" duration-ms="12540">
      <class name="com.notesapi.tests.UsersTests">
        <test-method signature="createNewUser()[pri:0, instance:com.notesapi.tests.UsersTests@29626d54]" started-at="2023-05-26T18:54:25 IST" name="createNewUser" finished-at="2023-05-26T18:54:30 IST" duration-ms="4803" status="PASS">
          <reporter-output>
          </reporter-output>
        </test-method> <!-- createNewUser -->
        <test-method signature="performLogin(org.testng.ITestContext)[pri:1, instance:com.notesapi.tests.UsersTests@29626d54]" started-at="2023-05-26T18:54:30 IST" name="performLogin" finished-at="2023-05-26T18:54:32 IST" duration-ms="1880" status="PASS">
          <params>
            <param index="0">
              <value>
                <![CDATA[org.testng.TestRunner@1be3f8f8]]>
              </value>
            </param>
          </params>
          <reporter-output>
          </reporter-output>
        </test-method> <!-- performLogin -->
        <test-method signature="retrieveUserInfo()[pri:2, instance:com.notesapi.tests.UsersTests@29626d54]" started-at="2023-05-26T18:54:32 IST" name="retrieveUserInfo" finished-at="2023-05-26T18:54:32 IST" duration-ms="596" status="PASS">
          <reporter-output>
          </reporter-output>
        </test-method> <!-- retrieveUserInfo -->
        <test-method signature="editUserInfo()[pri:3, instance:com.notesapi.tests.UsersTests@29626d54]" started-at="2023-05-26T18:54:32 IST" name="editUserInfo" finished-at="2023-05-26T18:54:33 IST" duration-ms="644" status="PASS">
          <reporter-output>
          </reporter-output>
        </test-method> <!-- editUserInfo -->
        <test-method signature="editUserPassword()[pri:4, instance:com.notesapi.tests.UsersTests@29626d54]" started-at="2023-05-26T18:54:33 IST" name="editUserPassword" finished-at="2023-05-26T18:54:34 IST" duration-ms="875" status="PASS">
          <reporter-output>
          </reporter-output>
        </test-method> <!-- editUserPassword -->
      </class> <!-- com.notesapi.tests.UsersTests -->
      <class name="com.notesapi.tests.NotesTests">
        <test-method is-config="true" signature="beforeClass(org.testng.ITestContext)[pri:0, instance:com.notesapi.tests.NotesTests@481a996b]" started-at="2023-05-26T18:54:34 IST" name="beforeClass" finished-at="2023-05-26T18:54:34 IST" duration-ms="8" status="PASS">
          <params>
            <param index="0">
              <value>
                <![CDATA[org.testng.TestRunner@1be3f8f8]]>
              </value>
            </param>
          </params>
          <reporter-output>
          </reporter-output>
        </test-method> <!-- beforeClass -->
        <test-method signature="createNewNote()[pri:0, instance:com.notesapi.tests.NotesTests@481a996b]" started-at="2023-05-26T18:54:34 IST" name="createNewNote" finished-at="2023-05-26T18:54:34 IST" duration-ms="597" status="PASS">
          <reporter-output>
          </reporter-output>
        </test-method> <!-- createNewNote -->
        <test-method signature="retrieveNote()[pri:1, instance:com.notesapi.tests.NotesTests@481a996b]" started-at="2023-05-26T18:54:34 IST" name="retrieveNote" finished-at="2023-05-26T18:54:35 IST" duration-ms="556" status="PASS">
          <reporter-output>
          </reporter-output>
        </test-method> <!-- retrieveNote -->
        <test-method signature="retrieveNoteById()[pri:2, instance:com.notesapi.tests.NotesTests@481a996b]" started-at="2023-05-26T18:54:35 IST" name="retrieveNoteById" finished-at="2023-05-26T18:54:36 IST" duration-ms="584" status="PASS">
          <reporter-output>
          </reporter-output>
        </test-method> <!-- retrieveNoteById -->
        <test-method signature="updateExistingNote()[pri:3, instance:com.notesapi.tests.NotesTests@481a996b]" started-at="2023-05-26T18:54:36 IST" name="updateExistingNote" finished-at="2023-05-26T18:54:36 IST" duration-ms="646" status="PASS">
          <reporter-output>
          </reporter-output>
        </test-method> <!-- updateExistingNote -->
        <test-method signature="updateCompleteStatusOfNote()[pri:4, instance:com.notesapi.tests.NotesTests@481a996b]" started-at="2023-05-26T18:54:36 IST" name="updateCompleteStatusOfNote" finished-at="2023-05-26T18:54:37 IST" duration-ms="633" status="PASS">
          <reporter-output>
          </reporter-output>
        </test-method> <!-- updateCompleteStatusOfNote -->
        <test-method signature="deleteNoteById()[pri:5, instance:com.notesapi.tests.NotesTests@481a996b]" started-at="2023-05-26T18:54:37 IST" name="deleteNoteById" finished-at="2023-05-26T18:54:37 IST" duration-ms="606" status="PASS">
          <reporter-output>
          </reporter-output>
        </test-method> <!-- deleteNoteById -->
      </class> <!-- com.notesapi.tests.NotesTests -->
    </test> <!-- Test -->
  </suite> <!-- Suite -->
</testng-results>
