<?xml version="1.0" encoding="UTF-8"?>
<testsuite xmlns:xsi="http://www.w3.org/2001/XMLSchema-instance" xsi:noNamespaceSchemaLocation="https://maven.apache.org/surefire/maven-surefire-plugin/xsd/surefire-test-report-3.0.xsd" version="3.0" name="TestSuite" time="21.518" tests="11" errors="0" skipped="0" failures="2">
  <properties>
[...]
</properties>
  <testcase name="createNewUser" classname="com.notesapi.tests.UsersTests" time="8.032">
    <system-out><![CDATA[Request method:	POST
Request URI:	https://practice.expandtesting.com/notes/api/users/register
Proxy:			<none>
Request params:	<none>
Query params:	<none>
Form params:	<none>
Path params:	<none>
Headers:		Accept=application/json, application/javascript, text/javascript, text/json
				Content-Type=application/json
Cookies:		<none>
Multiparts:		<none>
Body:
{
    "name": "Jamie Kris Jr.",
    "email": "kim.block@hotmail.com",
    "password": "ofvlggl44v"
}
HTTP/1.1 201 Created
access-control-allow-origin: *
access-control-allow-credentials: true
access-control-allow-methods: GET, POST, PUT, DELETE, PATCH
access-control-allow-headers: Origin, X-Requested-With, Authorization, Content-Type, Accept, X-Auth-Token
content-type: application/json; charset=utf-8
content-encoding: gzip
etag: W/"ac-Gkxl2UNeWXphGEF+kZVahTILe94"
set-cookie: express:sess=eyJmbGFzaCI6e319; path=/; httponly
set-cookie: express:sess.sig=tdt42nQZiQvICqmrvHQ1_16fHk0; path=/; httponly
date: Wed, 31 May 2023 07:52:46 GMT
connection: keep-alive
keep-alive: timeout=5
transfer-encoding: chunked

{
    "success": true,
    "status": 201,
    "message": "User account created successfully",
    "data": {
        "id": "6476fccea8f9c70211263312",
        "name": "Jamie Kris Jr.",
        "email": "kim.block@hotmail.com"
    }
}
{
    "success": true,
    "status": 201,
    "message": "User account created successfully",
    "data": {
        "id": "6476fccea8f9c70211263312",
        "name": "Jamie Kris Jr.",
        "email": "kim.block@hotmail.com"
    }
}
]]></system-out>
    <system-err><![CDATA[SLF4J: Failed to load class "org.slf4j.impl.StaticLoggerBinder".
SLF4J: Defaulting to no-operation (NOP) logger implementation
SLF4J: See http://www.slf4j.org/codes.html#StaticLoggerBinder for further details.
]]></system-err>
  </testcase>
  <testcase name="performLogin[org.testng.TestRunner@2314cd97](1)" classname="com.notesapi.tests.UsersTests" time="0.971">
    <failure message="expected [201] but found [200]" type="java.lang.AssertionError"><![CDATA[java.lang.AssertionError: expected [201] but found [200]
	at org.testng.Assert.fail(Assert.java:110)
	at org.testng.Assert.failNotEquals(Assert.java:1413)
	at org.testng.Assert.assertEqualsImpl(Assert.java:149)
	at org.testng.Assert.assertEquals(Assert.java:131)
	at org.testng.Assert.assertEquals(Assert.java:1240)
	at org.testng.Assert.assertEquals(Assert.java:1274)
	at com.notesapi.tests.UsersTests.performLogin(UsersTests.java:44)
	at java.base/jdk.internal.reflect.NativeMethodAccessorImpl.invoke0(Native Method)
	at java.base/jdk.internal.reflect.NativeMethodAccessorImpl.invoke(NativeMethodAccessorImpl.java:77)
	at java.base/jdk.internal.reflect.DelegatingMethodAccessorImpl.invoke(DelegatingMethodAccessorImpl.java:43)
	at java.base/java.lang.reflect.Method.invoke(Method.java:568)
	at org.testng.internal.invokers.MethodInvocationHelper.invokeMethod(MethodInvocationHelper.java:139)
	at org.testng.internal.invokers.TestInvoker.invokeMethod(TestInvoker.java:677)
	at org.testng.internal.invokers.TestInvoker.invokeTestMethod(TestInvoker.java:221)
	at org.testng.internal.invokers.MethodRunner.runInSequence(MethodRunner.java:50)
	at org.testng.internal.invokers.TestInvoker$MethodInvocationAgent.invoke(TestInvoker.java:969)
	at org.testng.internal.invokers.TestInvoker.invokeTestMethods(TestInvoker.java:194)
	at org.testng.internal.invokers.TestMethodWorker.invokeTestMethods(TestMethodWorker.java:148)
	at org.testng.internal.invokers.TestMethodWorker.run(TestMethodWorker.java:128)
	at java.base/java.util.ArrayList.forEach(ArrayList.java:1511)
	at org.testng.TestRunner.privateRun(TestRunner.java:829)
	at org.testng.TestRunner.run(TestRunner.java:602)
	at org.testng.SuiteRunner.runTest(SuiteRunner.java:437)
	at org.testng.SuiteRunner.runSequentially(SuiteRunner.java:431)
	at org.testng.SuiteRunner.privateRun(SuiteRunner.java:391)
	at org.testng.SuiteRunner.run(SuiteRunner.java:330)
	at org.testng.SuiteRunnerWorker.runSuite(SuiteRunnerWorker.java:52)
	at org.testng.SuiteRunnerWorker.run(SuiteRunnerWorker.java:95)
	at org.testng.TestNG.runSuitesSequentially(TestNG.java:1256)
	at org.testng.TestNG.runSuitesLocally(TestNG.java:1176)
	at org.testng.TestNG.runSuites(TestNG.java:1099)
	at org.testng.TestNG.run(TestNG.java:1067)
	at org.apache.maven.surefire.testng.TestNGExecutor.run(TestNGExecutor.java:324)
	at org.apache.maven.surefire.testng.TestNGXmlTestSuite.execute(TestNGXmlTestSuite.java:74)
	at org.apache.maven.surefire.testng.TestNGProvider.invoke(TestNGProvider.java:123)
	at org.apache.maven.surefire.booter.ForkedBooter.runSuitesInProcess(ForkedBooter.java:456)
	at org.apache.maven.surefire.booter.ForkedBooter.execute(ForkedBooter.java:169)
	at org.apache.maven.surefire.booter.ForkedBooter.run(ForkedBooter.java:595)
	at org.apache.maven.surefire.booter.ForkedBooter.main(ForkedBooter.java:581)
]]></failure>
    <system-out><![CDATA[Request method:	POST
Request URI:	https://practice.expandtesting.com/notes/api/users/login
Proxy:			<none>
Request params:	<none>
Query params:	<none>
Form params:	<none>
Path params:	<none>
Headers:		Accept=application/json, application/javascript, text/javascript, text/json
				Content-Type=application/json
Cookies:		<none>
Multiparts:		<none>
Body:
{
    "email": "kim.block@hotmail.com",
    "password": "ofvlggl44v"
}
HTTP/1.1 200 OK
access-control-allow-origin: *
access-control-allow-credentials: true
access-control-allow-methods: GET, POST, PUT, DELETE, PATCH
access-control-allow-headers: Origin, X-Requested-With, Authorization, Content-Type, Accept, X-Auth-Token
content-type: application/json; charset=utf-8
content-encoding: gzip
etag: W/"e6-NhtBFKHMmZicvWIiYyNLgBDn8l8"
set-cookie: express:sess=eyJmbGFzaCI6e319; path=/; httponly
set-cookie: express:sess.sig=tdt42nQZiQvICqmrvHQ1_16fHk0; path=/; httponly
date: Wed, 31 May 2023 07:52:48 GMT
connection: keep-alive
keep-alive: timeout=5
transfer-encoding: chunked

{
    "success": true,
    "status": 200,
    "message": "Login successful",
    "data": {
        "id": "6476fccea8f9c70211263312",
        "name": "Jamie Kris Jr.",
        "email": "kim.block@hotmail.com",
        "token": "2073ccca1f624696ac64134b0679f0614875ccb4ae0840d181030177eadf7d52"
    }
}
{
    "success": true,
    "status": 200,
    "message": "Login successful",
    "data": {
        "id": "6476fccea8f9c70211263312",
        "name": "Jamie Kris Jr.",
        "email": "kim.block@hotmail.com",
        "token": "2073ccca1f624696ac64134b0679f0614875ccb4ae0840d181030177eadf7d52"
    }
}
]]></system-out>
  </testcase>
  <testcase name="retrieveUserInfo" classname="com.notesapi.tests.UsersTests" time="2.859">
    <system-out><![CDATA[Request method:	GET
Request URI:	https://practice.expandtesting.com/notes/api/users/profile
Proxy:			<none>
Request params:	<none>
Query params:	<none>
Form params:	<none>
Path params:	<none>
Headers:		x-auth-token=2073ccca1f624696ac64134b0679f0614875ccb4ae0840d181030177eadf7d52
				Accept=*/*
				Content-Type=application/json
Cookies:		<none>
Multiparts:		<none>
Body:			<none>
{
    "success": true,
    "status": 200,
    "message": "Profile successful",
    "data": {
        "id": "6476fccea8f9c70211263312",
        "name": "Jamie Kris Jr.",
        "email": "kim.block@hotmail.com"
    }
}
{
    "success": true,
    "status": 200,
    "message": "Profile successful",
    "data": {
        "id": "6476fccea8f9c70211263312",
        "name": "Jamie Kris Jr.",
        "email": "kim.block@hotmail.com"
    }
}
]]></system-out>
  </testcase>
  <testcase name="editUserInfo" classname="com.notesapi.tests.UsersTests" time="0.52">
    <failure message="expected [200] but found [400]" type="java.lang.AssertionError"><![CDATA[java.lang.AssertionError: expected [200] but found [400]
	at org.testng.Assert.fail(Assert.java:110)
	at org.testng.Assert.failNotEquals(Assert.java:1413)
	at org.testng.Assert.assertEqualsImpl(Assert.java:149)
	at org.testng.Assert.assertEquals(Assert.java:131)
	at org.testng.Assert.assertEquals(Assert.java:1240)
	at org.testng.Assert.assertEquals(Assert.java:1274)
	at com.notesapi.tests.UsersTests.editUserInfo(UsersTests.java:62)
	at java.base/jdk.internal.reflect.NativeMethodAccessorImpl.invoke0(Native Method)
	at java.base/jdk.internal.reflect.NativeMethodAccessorImpl.invoke(NativeMethodAccessorImpl.java:77)
	at java.base/jdk.internal.reflect.DelegatingMethodAccessorImpl.invoke(DelegatingMethodAccessorImpl.java:43)
	at java.base/java.lang.reflect.Method.invoke(Method.java:568)
	at org.testng.internal.invokers.MethodInvocationHelper.invokeMethod(MethodInvocationHelper.java:139)
	at org.testng.internal.invokers.TestInvoker.invokeMethod(TestInvoker.java:677)
	at org.testng.internal.invokers.TestInvoker.invokeTestMethod(TestInvoker.java:221)
	at org.testng.internal.invokers.MethodRunner.runInSequence(MethodRunner.java:50)
	at org.testng.internal.invokers.TestInvoker$MethodInvocationAgent.invoke(TestInvoker.java:969)
	at org.testng.internal.invokers.TestInvoker.invokeTestMethods(TestInvoker.java:194)
	at org.testng.internal.invokers.TestMethodWorker.invokeTestMethods(TestMethodWorker.java:148)
	at org.testng.internal.invokers.TestMethodWorker.run(TestMethodWorker.java:128)
	at java.base/java.util.ArrayList.forEach(ArrayList.java:1511)
	at org.testng.TestRunner.privateRun(TestRunner.java:829)
	at org.testng.TestRunner.run(TestRunner.java:602)
	at org.testng.SuiteRunner.runTest(SuiteRunner.java:437)
	at org.testng.SuiteRunner.runSequentially(SuiteRunner.java:431)
	at org.testng.SuiteRunner.privateRun(SuiteRunner.java:391)
	at org.testng.SuiteRunner.run(SuiteRunner.java:330)
	at org.testng.SuiteRunnerWorker.runSuite(SuiteRunnerWorker.java:52)
	at org.testng.SuiteRunnerWorker.run(SuiteRunnerWorker.java:95)
	at org.testng.TestNG.runSuitesSequentially(TestNG.java:1256)
	at org.testng.TestNG.runSuitesLocally(TestNG.java:1176)
	at org.testng.TestNG.runSuites(TestNG.java:1099)
	at org.testng.TestNG.run(TestNG.java:1067)
	at org.apache.maven.surefire.testng.TestNGExecutor.run(TestNGExecutor.java:324)
	at org.apache.maven.surefire.testng.TestNGXmlTestSuite.execute(TestNGXmlTestSuite.java:74)
	at org.apache.maven.surefire.testng.TestNGProvider.invoke(TestNGProvider.java:123)
	at org.apache.maven.surefire.booter.ForkedBooter.runSuitesInProcess(ForkedBooter.java:456)
	at org.apache.maven.surefire.booter.ForkedBooter.execute(ForkedBooter.java:169)
	at org.apache.maven.surefire.booter.ForkedBooter.run(ForkedBooter.java:595)
	at org.apache.maven.surefire.booter.ForkedBooter.main(ForkedBooter.java:581)
]]></failure>
    <system-out><![CDATA[Request method:	PATCH
Request URI:	https://practice.expandtesting.com/notes/api/users/profile
Proxy:			<none>
Request params:	<none>
Query params:	<none>
Form params:	<none>
Path params:	<none>
Headers:		Accept=application/json, application/javascript, text/javascript, text/json
				x-auth-token=2073ccca1f624696ac64134b0679f0614875ccb4ae0840d181030177eadf7d52
				Content-Type=application/json
Cookies:		<none>
Multiparts:		<none>
Body:
{
    "name": "Jamie Kris Jr.",
    "phone": "1335719303",
    "company": "Schultz, Lueilwitz and Homenick"
}
{
    "success": false,
    "status": 400,
    "message": "Company name must be between 4 and 30 characters"
}
{
    "success": false,
    "status": 400,
    "message": "Company name must be between 4 and 30 characters"
}
]]></system-out>
  </testcase>
  <testcase name="editUserPassword" classname="com.notesapi.tests.UsersTests" time="0.93">
    <system-out><![CDATA[Request method:	POST
Request URI:	https://practice.expandtesting.com/notes/api/users/change-password
Proxy:			<none>
Request params:	<none>
Query params:	<none>
Form params:	<none>
Path params:	<none>
Headers:		Accept=application/json, application/javascript, text/javascript, text/json
				x-auth-token=2073ccca1f624696ac64134b0679f0614875ccb4ae0840d181030177eadf7d52
				Content-Type=application/json
Cookies:		<none>
Multiparts:		<none>
Body:
{
    "currentPassword": "ofvlggl44v",
    "newPassword": "ja3kg9g1hg8fthxj"
}
HTTP/1.1 200 OK
access-control-allow-origin: *
access-control-allow-credentials: true
access-control-allow-methods: GET, POST, PUT, DELETE, PATCH
access-control-allow-headers: Origin, X-Requested-With, Authorization, Content-Type, Accept, X-Auth-Token
content-type: application/json; charset=utf-8
content-encoding: gzip
etag: W/"4f-ava50LOZV9GrNX1jv2XMGsJdMdg"
set-cookie: express:sess=eyJmbGFzaCI6e319; path=/; httponly
set-cookie: express:sess.sig=tdt42nQZiQvICqmrvHQ1_16fHk0; path=/; httponly
date: Wed, 31 May 2023 07:52:52 GMT
connection: keep-alive
keep-alive: timeout=5
transfer-encoding: chunked

{
    "success": true,
    "status": 200,
    "message": "The password was successfully updated"
}
{
    "success": true,
    "status": 200,
    "message": "The password was successfully updated"
}
]]></system-out>
  </testcase>
  <testcase name="createNewNote" classname="com.notesapi.tests.NotesTests" time="0.946">
    <system-out><![CDATA[Request method:	POST
Request URI:	https://practice.expandtesting.com/notes/api/notes
Proxy:			<none>
Request params:	<none>
Query params:	<none>
Form params:	<none>
Path params:	<none>
Headers:		Accept=application/json, application/javascript, text/javascript, text/json
				x-auth-token=2073ccca1f624696ac64134b0679f0614875ccb4ae0840d181030177eadf7d52
				Content-Type=application/json
Cookies:		<none>
Multiparts:		<none>
Body:
{
    "title": "That Hideous Strength",
    "description": "Number the Stars",
    "category": "Personal",
    "completed": false
}
HTTP/1.1 200 OK
access-control-allow-origin: *
access-control-allow-credentials: true
access-control-allow-methods: GET, POST, PUT, DELETE, PATCH
access-control-allow-headers: Origin, X-Requested-With, Authorization, Content-Type, Accept, X-Auth-Token
content-type: application/json; charset=utf-8
content-encoding: gzip
etag: W/"14a-FsynYQO3ZeqTmXAaZsLqMybCsNo"
set-cookie: express:sess=eyJmbGFzaCI6e319; path=/; httponly
set-cookie: express:sess.sig=tdt42nQZiQvICqmrvHQ1_16fHk0; path=/; httponly
date: Wed, 31 May 2023 07:52:53 GMT
connection: keep-alive
keep-alive: timeout=5
transfer-encoding: chunked

{
    "success": true,
    "status": 200,
    "message": "Note successfully created",
    "data": {
        "id": "6476fcd5a8f9c7021126332a",
        "title": "That Hideous Strength",
        "description": "Number the Stars",
        "category": "Personal",
        "completed": false,
        "created_at": "2023-05-31T07:52:53.345Z",
        "updated_at": "2023-05-31T07:52:53.345Z",
        "user_id": "6476fccea8f9c70211263312"
    }
}
{
    "success": true,
    "status": 200,
    "message": "Note successfully created",
    "data": {
        "id": "6476fcd5a8f9c7021126332a",
        "title": "That Hideous Strength",
        "description": "Number the Stars",
        "category": "Personal",
        "completed": false,
        "created_at": "2023-05-31T07:52:53.345Z",
        "updated_at": "2023-05-31T07:52:53.345Z",
        "user_id": "6476fccea8f9c70211263312"
    }
}
GENERATED ID - 6476fcd5a8f9c7021126332a
]]></system-out>
  </testcase>
  <testcase name="retrieveNote" classname="com.notesapi.tests.NotesTests" time="0.491">
    <system-out><![CDATA[Request method:	GET
Request URI:	https://practice.expandtesting.com/notes/api/notes
Proxy:			<none>
Request params:	<none>
Query params:	<none>
Form params:	<none>
Path params:	<none>
Headers:		x-auth-token=2073ccca1f624696ac64134b0679f0614875ccb4ae0840d181030177eadf7d52
				Accept=*/*
				Content-Type=application/json
Cookies:		<none>
Multiparts:		<none>
Body:			<none>
{
    "success": true,
    "status": 200,
    "message": "Notes successfully retrieved",
    "data": [
        {
            "id": "6476fcd5a8f9c7021126332a",
            "title": "That Hideous Strength",
            "description": "Number the Stars",
            "category": "Personal",
            "completed": false,
            "created_at": "2023-05-31T07:52:53.345Z",
            "updated_at": "2023-05-31T07:52:53.345Z",
            "user_id": "6476fccea8f9c70211263312"
        }
    ]
}
{
    "success": true,
    "status": 200,
    "message": "Notes successfully retrieved",
    "data": [
        {
            "id": "6476fcd5a8f9c7021126332a",
            "title": "That Hideous Strength",
            "description": "Number the Stars",
            "category": "Personal",
            "completed": false,
            "created_at": "2023-05-31T07:52:53.345Z",
            "updated_at": "2023-05-31T07:52:53.345Z",
            "user_id": "6476fccea8f9c70211263312"
        }
    ]
}
]]></system-out>
  </testcase>
  <testcase name="retrieveNoteById" classname="com.notesapi.tests.NotesTests" time="0.871">
    <system-out><![CDATA[Request method:	GET
Request URI:	https://practice.expandtesting.com/notes/api/notes/6476fcd5a8f9c7021126332a
Proxy:			<none>
Request params:	<none>
Query params:	<none>
Form params:	<none>
Path params:	id=6476fcd5a8f9c7021126332a
Headers:		x-auth-token=2073ccca1f624696ac64134b0679f0614875ccb4ae0840d181030177eadf7d52
				Accept=*/*
				Content-Type=application/json
Cookies:		<none>
Multiparts:		<none>
Body:			<none>
{
    "success": true,
    "status": 200,
    "message": "Note successfully retrieved",
    "data": {
        "id": "6476fcd5a8f9c7021126332a",
        "title": "That Hideous Strength",
        "description": "Number the Stars",
        "category": "Personal",
        "completed": false,
        "created_at": "2023-05-31T07:52:53.345Z",
        "updated_at": "2023-05-31T07:52:53.345Z",
        "user_id": "6476fccea8f9c70211263312"
    }
}
{
    "success": true,
    "status": 200,
    "message": "Note successfully retrieved",
    "data": {
        "id": "6476fcd5a8f9c7021126332a",
        "title": "That Hideous Strength",
        "description": "Number the Stars",
        "category": "Personal",
        "completed": false,
        "created_at": "2023-05-31T07:52:53.345Z",
        "updated_at": "2023-05-31T07:52:53.345Z",
        "user_id": "6476fccea8f9c70211263312"
    }
}
]]></system-out>
  </testcase>
  <testcase name="updateExistingNote" classname="com.notesapi.tests.NotesTests" time="0.776">
    <system-out><![CDATA[Request method:	PUT
Request URI:	https://practice.expandtesting.com/notes/api/notes/6476fcd5a8f9c7021126332a
Proxy:			<none>
Request params:	<none>
Query params:	<none>
Form params:	<none>
Path params:	id=6476fcd5a8f9c7021126332a
Headers:		Accept=application/json, application/javascript, text/javascript, text/json
				x-auth-token=2073ccca1f624696ac64134b0679f0614875ccb4ae0840d181030177eadf7d52
				Content-Type=application/json
Cookies:		<none>
Multiparts:		<none>
Body:
{
    "title": "That Hideous Strength",
    "description": "Number the Stars",
    "category": "Personal",
    "completed": false
}
{
    "success": true,
    "status": 200,
    "message": "Note successfully Updated",
    "data": {
        "id": "6476fcd5a8f9c7021126332a",
        "title": "That Hideous Strength",
        "description": "Number the Stars",
        "category": "Personal",
        "completed": false,
        "created_at": "2023-05-31T07:52:53.345Z",
        "updated_at": "2023-05-31T07:52:53.345Z",
        "user_id": "6476fccea8f9c70211263312"
    }
}
{
    "success": true,
    "status": 200,
    "message": "Note successfully Updated",
    "data": {
        "id": "6476fcd5a8f9c7021126332a",
        "title": "That Hideous Strength",
        "description": "Number the Stars",
        "category": "Personal",
        "completed": false,
        "created_at": "2023-05-31T07:52:53.345Z",
        "updated_at": "2023-05-31T07:52:53.345Z",
        "user_id": "6476fccea8f9c70211263312"
    }
}
]]></system-out>
  </testcase>
  <testcase name="updateCompleteStatusOfNote" classname="com.notesapi.tests.NotesTests" time="0.688">
    <system-out><![CDATA[Request method:	PATCH
Request URI:	https://practice.expandtesting.com/notes/api/notes/6476fcd5a8f9c7021126332a
Proxy:			<none>
Request params:	<none>
Query params:	<none>
Form params:	<none>
Path params:	id=6476fcd5a8f9c7021126332a
Headers:		Accept=application/json, application/javascript, text/javascript, text/json
				x-auth-token=2073ccca1f624696ac64134b0679f0614875ccb4ae0840d181030177eadf7d52
				Content-Type=application/json
Cookies:		<none>
Multiparts:		<none>
Body:
{
    "completed": true
}
{
    "success": true,
    "status": 200,
    "message": "Note successfully Updated",
    "data": {
        "id": "6476fcd5a8f9c7021126332a",
        "title": "That Hideous Strength",
        "description": "Number the Stars",
        "category": "Personal",
        "completed": true,
        "created_at": "2023-05-31T07:52:53.345Z",
        "updated_at": "2023-05-31T07:52:56.247Z",
        "user_id": "6476fccea8f9c70211263312"
    }
}
{
    "success": true,
    "status": 200,
    "message": "Note successfully Updated",
    "data": {
        "id": "6476fcd5a8f9c7021126332a",
        "title": "That Hideous Strength",
        "description": "Number the Stars",
        "category": "Personal",
        "completed": true,
        "created_at": "2023-05-31T07:52:53.345Z",
        "updated_at": "2023-05-31T07:52:56.247Z",
        "user_id": "6476fccea8f9c70211263312"
    }
}
]]></system-out>
  </testcase>
  <testcase name="deleteNoteById" classname="com.notesapi.tests.NotesTests" time="0.688">
    <system-out><![CDATA[Request method:	DELETE
Request URI:	https://practice.expandtesting.com/notes/api/notes/6476fcd5a8f9c7021126332a
Proxy:			<none>
Request params:	<none>
Query params:	<none>
Form params:	<none>
Path params:	id=6476fcd5a8f9c7021126332a
Headers:		x-auth-token=2073ccca1f624696ac64134b0679f0614875ccb4ae0840d181030177eadf7d52
				Accept=*/*
				Content-Type=application/json
Cookies:		<none>
Multiparts:		<none>
Body:			<none>
{
    "success": true,
    "status": 200,
    "message": "Note successfully deleted"
}
{
    "success": true,
    "status": 200,
    "message": "Note successfully deleted"
}
]]></system-out>
  </testcase>
</testsuite>